<?xml version="1.0" encoding="UTF-8"?>
<!-- Generated by org.testng.reporters.JUnitXMLReporter -->
<testsuite hostname="EPINHYDW0220" name="FlightTests" tests="1" failures="1" timestamp="4 Feb 2018 16:03:33 GMT" time="32.937" errors="0">
  <testcase name="testFlights" time="26.671" classname="com.ryanair.tests.FlightsTests">
    <failure type="java.lang.AssertionError" message="null">
      <![CDATA[java.lang.AssertionError: null
	at com.ryanair.tests.FlightsTests.testFlights(FlightsTests.java:62)
... Removed 26 stack frames]]>
    </failure>
  </testcase> <!-- testFlights -->
</testsuite> <!-- FlightTests -->
